<?xml version="1.0" encoding="UTF-8"?>
<testsuite xmlns:xsi="http://www.w3.org/2001/XMLSchema-instance" xsi:noNamespaceSchemaLocation="https://maven.apache.org/surefire/maven-surefire-plugin/xsd/surefire-test-report-3.0.xsd" version="3.0" name="Day4.Datamanipulation.AppTest" time="0.122" tests="1" errors="0" skipped="0" failures="0">
  <properties>
    <property name="sun.desktop" value="windows"/>
    <property name="awt.toolkit" value="sun.awt.windows.WToolkit"/>
    <property name="java.specification.version" value="11"/>
    <property name="sun.cpu.isalist" value="amd64"/>
    <property name="sun.jnu.encoding" value="Cp1252"/>
    <property name="java.class.path" value="D:\Course\Workspace\Java\Day4.Datamanipulation\target\test-classes;D:\Course\Workspace\Java\Day4.Datamanipulation\target\classes;C:\Users\DesTr\.m2\repository\org\junit\jupiter\junit-jupiter-engine\5.7.1\junit-jupiter-engine-5.7.1.jar;C:\Users\DesTr\.m2\repository\org\apiguardian\apiguardian-api\1.1.0\apiguardian-api-1.1.0.jar;C:\Users\DesTr\.m2\repository\org\junit\platform\junit-platform-engine\1.7.1\junit-platform-engine-1.7.1.jar;C:\Users\DesTr\.m2\repository\org\opentest4j\opentest4j\1.2.0\opentest4j-1.2.0.jar;C:\Users\DesTr\.m2\repository\org\junit\platform\junit-platform-commons\1.7.1\junit-platform-commons-1.7.1.jar;C:\Users\DesTr\.m2\repository\org\junit\jupiter\junit-jupiter-api\5.7.1\junit-jupiter-api-5.7.1.jar;C:\Users\DesTr\.m2\repository\org\junit\jupiter\junit-jupiter-params\5.7.1\junit-jupiter-params-5.7.1.jar;C:\Users\DesTr\.m2\repository\org\apache\commons\commons-csv\1.8\commons-csv-1.8.jar;C:\Users\DesTr\.m2\repository\joinery\joinery-dataframe\1.9\joinery-dataframe-1.9.jar;C:\Users\DesTr\.m2\repository\io\dropwizard\metrics\metrics-annotation\4.0.3\metrics-annotation-4.0.3.jar;C:\Users\DesTr\.m2\repository\net\sf\supercsv\super-csv\2.4.0\super-csv-2.4.0.jar;C:\Users\DesTr\.m2\repository\org\apache\commons\commons-math3\3.6.1\commons-math3-3.6.1.jar;C:\Users\DesTr\.m2\repository\org\apache\poi\poi\4.1.2\poi-4.1.2.jar;C:\Users\DesTr\.m2\repository\commons-codec\commons-codec\1.13\commons-codec-1.13.jar;C:\Users\DesTr\.m2\repository\org\apache\commons\commons-collections4\4.4\commons-collections4-4.4.jar;C:\Users\DesTr\.m2\repository\com\zaxxer\SparseBitSet\1.2\SparseBitSet-1.2.jar;C:\Users\DesTr\.m2\repository\tech\tablesaw\tablesaw-core\0.38.2\tablesaw-core-0.38.2.jar;C:\Users\DesTr\.m2\repository\com\google\guava\guava\28.2-jre\guava-28.2-jre.jar;C:\Users\DesTr\.m2\repository\com\google\guava\failureaccess\1.0.1\failureaccess-1.0.1.jar;C:\Users\DesTr\.m2\repository\com\google\guava\listenablefuture\9999.0-empty-to-avoid-conflict-with-guava\listenablefuture-9999.0-empty-to-avoid-conflict-with-guava.jar;C:\Users\DesTr\.m2\repository\com\google\code\findbugs\jsr305\3.0.2\jsr305-3.0.2.jar;C:\Users\DesTr\.m2\repository\org\checkerframework\checker-qual\2.10.0\checker-qual-2.10.0.jar;C:\Users\DesTr\.m2\repository\com\google\errorprone\error_prone_annotations\2.3.4\error_prone_annotations-2.3.4.jar;C:\Users\DesTr\.m2\repository\com\google\j2objc\j2objc-annotations\1.3\j2objc-annotations-1.3.jar;C:\Users\DesTr\.m2\repository\it\unimi\dsi\fastutil\8.3.0\fastutil-8.3.0.jar;C:\Users\DesTr\.m2\repository\org\roaringbitmap\RoaringBitmap\0.8.12\RoaringBitmap-0.8.12.jar;C:\Users\DesTr\.m2\repository\org\roaringbitmap\shims\0.8.12\shims-0.8.12.jar;C:\Users\DesTr\.m2\repository\com\univocity\univocity-parsers\2.8.4\univocity-parsers-2.8.4.jar;C:\Users\DesTr\.m2\repository\com\ibm\icu\icu4j\65.1\icu4j-65.1.jar;C:\Users\DesTr\.m2\repository\io\github\classgraph\classgraph\4.8.60\classgraph-4.8.60.jar;C:\Users\DesTr\.m2\repository\org\slf4j\slf4j-api\1.7.30\slf4j-api-1.7.30.jar;"/>
    <property name="java.vm.vendor" value="Oracle Corporation"/>
    <property name="sun.arch.data.model" value="64"/>
    <property name="user.variant" value=""/>
    <property name="java.vendor.url" value="https://openjdk.java.net/"/>
    <property name="user.timezone" value="Africa/Cairo"/>
    <property name="java.vm.specification.version" value="11"/>
    <property name="os.name" value="Windows 10"/>
    <property name="sun.java.launcher" value="SUN_STANDARD"/>
    <property name="user.country" value="US"/>
    <property name="sun.boot.library.path" value="C:\Program Files\Java\jdk-11.0.10\bin"/>
    <property name="sun.java.command" value="C:\Users\DesTr\AppData\Local\Temp\surefire3821773709613499019\surefirebooter12643420428431954014.jar C:\Users\DesTr\AppData\Local\Temp\surefire3821773709613499019 2021-06-17T02-03-14_876-jvmRun1 surefire11803493488288163286tmp surefire_018350566192004133911tmp"/>
    <property name="jdk.debug" value="release"/>
    <property name="surefire.test.class.path" value="D:\Course\Workspace\Java\Day4.Datamanipulation\target\test-classes;D:\Course\Workspace\Java\Day4.Datamanipulation\target\classes;C:\Users\DesTr\.m2\repository\org\junit\jupiter\junit-jupiter-engine\5.7.1\junit-jupiter-engine-5.7.1.jar;C:\Users\DesTr\.m2\repository\org\apiguardian\apiguardian-api\1.1.0\apiguardian-api-1.1.0.jar;C:\Users\DesTr\.m2\repository\org\junit\platform\junit-platform-engine\1.7.1\junit-platform-engine-1.7.1.jar;C:\Users\DesTr\.m2\repository\org\opentest4j\opentest4j\1.2.0\opentest4j-1.2.0.jar;C:\Users\DesTr\.m2\repository\org\junit\platform\junit-platform-commons\1.7.1\junit-platform-commons-1.7.1.jar;C:\Users\DesTr\.m2\repository\org\junit\jupiter\junit-jupiter-api\5.7.1\junit-jupiter-api-5.7.1.jar;C:\Users\DesTr\.m2\repository\org\junit\jupiter\junit-jupiter-params\5.7.1\junit-jupiter-params-5.7.1.jar;C:\Users\DesTr\.m2\repository\org\apache\commons\commons-csv\1.8\commons-csv-1.8.jar;C:\Users\DesTr\.m2\repository\joinery\joinery-dataframe\1.9\joinery-dataframe-1.9.jar;C:\Users\DesTr\.m2\repository\io\dropwizard\metrics\metrics-annotation\4.0.3\metrics-annotation-4.0.3.jar;C:\Users\DesTr\.m2\repository\net\sf\supercsv\super-csv\2.4.0\super-csv-2.4.0.jar;C:\Users\DesTr\.m2\repository\org\apache\commons\commons-math3\3.6.1\commons-math3-3.6.1.jar;C:\Users\DesTr\.m2\repository\org\apache\poi\poi\4.1.2\poi-4.1.2.jar;C:\Users\DesTr\.m2\repository\commons-codec\commons-codec\1.13\commons-codec-1.13.jar;C:\Users\DesTr\.m2\repository\org\apache\commons\commons-collections4\4.4\commons-collections4-4.4.jar;C:\Users\DesTr\.m2\repository\com\zaxxer\SparseBitSet\1.2\SparseBitSet-1.2.jar;C:\Users\DesTr\.m2\repository\tech\tablesaw\tablesaw-core\0.38.2\tablesaw-core-0.38.2.jar;C:\Users\DesTr\.m2\repository\com\google\guava\guava\28.2-jre\guava-28.2-jre.jar;C:\Users\DesTr\.m2\repository\com\google\guava\failureaccess\1.0.1\failureaccess-1.0.1.jar;C:\Users\DesTr\.m2\repository\com\google\guava\listenablefuture\9999.0-empty-to-avoid-conflict-with-guava\listenablefuture-9999.0-empty-to-avoid-conflict-with-guava.jar;C:\Users\DesTr\.m2\repository\com\google\code\findbugs\jsr305\3.0.2\jsr305-3.0.2.jar;C:\Users\DesTr\.m2\repository\org\checkerframework\checker-qual\2.10.0\checker-qual-2.10.0.jar;C:\Users\DesTr\.m2\repository\com\google\errorprone\error_prone_annotations\2.3.4\error_prone_annotations-2.3.4.jar;C:\Users\DesTr\.m2\repository\com\google\j2objc\j2objc-annotations\1.3\j2objc-annotations-1.3.jar;C:\Users\DesTr\.m2\repository\it\unimi\dsi\fastutil\8.3.0\fastutil-8.3.0.jar;C:\Users\DesTr\.m2\repository\org\roaringbitmap\RoaringBitmap\0.8.12\RoaringBitmap-0.8.12.jar;C:\Users\DesTr\.m2\repository\org\roaringbitmap\shims\0.8.12\shims-0.8.12.jar;C:\Users\DesTr\.m2\repository\com\univocity\univocity-parsers\2.8.4\univocity-parsers-2.8.4.jar;C:\Users\DesTr\.m2\repository\com\ibm\icu\icu4j\65.1\icu4j-65.1.jar;C:\Users\DesTr\.m2\repository\io\github\classgraph\classgraph\4.8.60\classgraph-4.8.60.jar;C:\Users\DesTr\.m2\repository\org\slf4j\slf4j-api\1.7.30\slf4j-api-1.7.30.jar;"/>
    <property name="sun.cpu.endian" value="little"/>
    <property name="user.home" value="C:\Users\DesTr"/>
    <property name="user.language" value="en"/>
    <property name="java.specification.vendor" value="Oracle Corporation"/>
    <property name="java.version.date" value="2021-01-19"/>
    <property name="java.home" value="C:\Program Files\Java\jdk-11.0.10"/>
    <property name="file.separator" value="\"/>
    <property name="basedir" value="D:\Course\Workspace\Java\Day4.Datamanipulation"/>
    <property name="java.vm.compressedOopsMode" value="32-bit"/>
    <property name="line.separator" value="&#10;"/>
    <property name="java.specification.name" value="Java Platform API Specification"/>
    <property name="java.vm.specification.vendor" value="Oracle Corporation"/>
    <property name="java.awt.graphicsenv" value="sun.awt.Win32GraphicsEnvironment"/>
    <property name="surefire.real.class.path" value="C:\Users\DesTr\AppData\Local\Temp\surefire3821773709613499019\surefirebooter12643420428431954014.jar"/>
    <property name="user.script" value=""/>
    <property name="sun.management.compiler" value="HotSpot 64-Bit Tiered Compilers"/>
    <property name="java.runtime.version" value="11.0.10+8-LTS-162"/>
    <property name="user.name" value="DesTr"/>
    <property name="path.separator" value=";"/>
    <property name="os.version" value="10.0"/>
    <property name="java.runtime.name" value="Java(TM) SE Runtime Environment"/>
    <property name="file.encoding" value="Cp1252"/>
    <property name="java.vm.name" value="Java HotSpot(TM) 64-Bit Server VM"/>
    <property name="java.vendor.version" value="18.9"/>
    <property name="localRepository" value="C:\Users\DesTr\.m2\repository"/>
    <property name="java.vendor.url.bug" value="https://bugreport.java.com/bugreport/"/>
    <property name="java.io.tmpdir" value="C:\Users\DesTr\AppData\Local\Temp\"/>
    <property name="java.version" value="11.0.10"/>
    <property name="user.dir" value="D:\Course\Workspace\Java\Day4.Datamanipulation"/>
    <property name="os.arch" value="amd64"/>
    <property name="java.vm.specification.name" value="Java Virtual Machine Specification"/>
    <property name="java.awt.printerjob" value="sun.awt.windows.WPrinterJob"/>
    <property name="sun.os.patch.level" value=""/>
    <property name="java.library.path" value="C:\Program Files\Java\jdk-11.0.10\bin;C:\WINDOWS\Sun\Java\bin;C:\WINDOWS\system32;C:\WINDOWS;C:\Program Files\Common Files\Oracle\Java\javapath;C:\Program Files\AdoptOpenJDK\jdk-11.0.10.9-hotspot\bin;C:\WINDOWS\system32;C:\WINDOWS;C:\WINDOWS\System32\Wbem;C:\WINDOWS\System32\WindowsPowerShell\v1.0\;C:\WINDOWS\System32\OpenSSH\;C:\Program Files (x86)\ATI Technologies\ATI.ACE\Core-Static;C:\Program Files (x86)\AMD\ATI.ACE\Core-Static;C:\Users\DesTr\AppData\Local\Programs\Python\Python37-32\Scripts\;C:\Users\DesTr\AppData\Local\Programs\Python\Python37-32\;C:\Python\Anaconda3;C:\Python\Anaconda3\Library\mingw-w64\bin;C:\Python\Anaconda3\Library\usr\bin;C:\Python\Anaconda3\Library\bin;C:\Python\Anaconda3\Scripts;C:\Python\Python37-32\Scripts\;C:\Python\Python37-32\;C:\Users\DesTr\AppData\Local\Microsoft\WindowsApps;C:\modeltech64_10.7\win64;C:\questasim_10.0b\win32;C:\Users\DesTr\AppData\Local\Programs\Microsoft VS Code\bin;."/>
    <property name="java.vendor" value="Oracle Corporation"/>
    <property name="java.vm.info" value="mixed mode"/>
    <property name="java.vm.version" value="11.0.10+8-LTS-162"/>
    <property name="sun.io.unicode.encoding" value="UnicodeLittle"/>
    <property name="java.class.version" value="55.0"/>
  </properties>
  <testcase name="shouldAnswerWithTrue" classname="Day4.Datamanipulation.AppTest" time="0.104"/>
</testsuite>